Determining if the pthread_create exist failed with the following output:
Change Dir: /home/seunggeon/catkin_ws/build/CMakeFiles/CMakeTmp

Run Build Command:"/usr/bin/make" "cmTC_35cdb/fast"
/usr/bin/make -f CMakeFiles/cmTC_35cdb.dir/build.make CMakeFiles/cmTC_35cdb.dir/build
make[1]: 디렉터리 '/home/seunggeon/catkin_ws/build/CMakeFiles/CMakeTmp' 들어감
Building C object CMakeFiles/cmTC_35cdb.dir/CheckSymbolExists.c.o
/usr/bin/cc    -o CMakeFiles/cmTC_35cdb.dir/CheckSymbolExists.c.o   -c /home/seunggeon/catkin_ws/build/CMakeFiles/CMakeTmp/CheckSymbolExists.c
Linking C executable cmTC_35cdb
/usr/bin/cmake -E cmake_link_script CMakeFiles/cmTC_35cdb.dir/link.txt --verbose=1
/usr/bin/cc      -rdynamic CMakeFiles/cmTC_35cdb.dir/CheckSymbolExists.c.o  -o cmTC_35cdb 
CMakeFiles/cmTC_35cdb.dir/CheckSymbolExists.c.o: In function `main':
CheckSymbolExists.c:(.text+0x1b): undefined reference to `pthread_create'
collect2: error: ld returned 1 exit status
CMakeFiles/cmTC_35cdb.dir/build.make:97: recipe for target 'cmTC_35cdb' failed
make[1]: *** [cmTC_35cdb] Error 1
make[1]: 디렉터리 '/home/seunggeon/catkin_ws/build/CMakeFiles/CMakeTmp' 나감
Makefile:126: recipe for target 'cmTC_35cdb/fast' failed
make: *** [cmTC_35cdb/fast] Error 2

File /home/seunggeon/catkin_ws/build/CMakeFiles/CMakeTmp/CheckSymbolExists.c:
/* */
#include <pthread.h>

int main(int argc, char** argv)
{
  (void)argv;
#ifndef pthread_create
  return ((int*)(&pthread_create))[argc];
#else
  (void)argc;
  return 0;
#endif
}

Determining if the function pthread_create exists in the pthreads failed with the following output:
Change Dir: /home/seunggeon/catkin_ws/build/CMakeFiles/CMakeTmp

Run Build Command:"/usr/bin/make" "cmTC_43a7e/fast"
/usr/bin/make -f CMakeFiles/cmTC_43a7e.dir/build.make CMakeFiles/cmTC_43a7e.dir/build
make[1]: 디렉터리 '/home/seunggeon/catkin_ws/build/CMakeFiles/CMakeTmp' 들어감
Building C object CMakeFiles/cmTC_43a7e.dir/CheckFunctionExists.c.o
/usr/bin/cc   -DCHECK_FUNCTION_EXISTS=pthread_create   -o CMakeFiles/cmTC_43a7e.dir/CheckFunctionExists.c.o   -c /usr/share/cmake-3.10/Modules/CheckFunctionExists.c
Linking C executable cmTC_43a7e
/usr/bin/cmake -E cmake_link_script CMakeFiles/cmTC_43a7e.dir/link.txt --verbose=1
/usr/bin/cc  -DCHECK_FUNCTION_EXISTS=pthread_create    -rdynamic CMakeFiles/cmTC_43a7e.dir/CheckFunctionExists.c.o  -o cmTC_43a7e -lpthreads 
/usr/bin/ld: cannot find -lpthreads
collect2: error: ld returned 1 exit status
CMakeFiles/cmTC_43a7e.dir/build.make:97: recipe for target 'cmTC_43a7e' failed
make[1]: *** [cmTC_43a7e] Error 1
make[1]: 디렉터리 '/home/seunggeon/catkin_ws/build/CMakeFiles/CMakeTmp' 나감
Makefile:126: recipe for target 'cmTC_43a7e/fast' failed
make: *** [cmTC_43a7e/fast] Error 2


